  global.c
C:\Users\jesse\Documents\GitHub\Snake\Snake_VS\Snake_VS\global.c(76,2): warning C4013: 'chdir' 未定義; 假設 extern 傳回整數
C:\Users\jesse\Documents\GitHub\Snake\Snake_VS\Snake_VS\global.c(79,2): warning C4013: 'TrimFilePath' 未定義; 假設 extern 傳回整數
  createAccount.c
C:\Users\jesse\Documents\GitHub\Snake\Snake_VS\Snake_VS\createAccount.c(22,18): warning C4267: '正在初始化': 將 'size_t' 轉換為 'int'，資料可能遺失
C:\Users\jesse\Documents\GitHub\Snake\Snake_VS\Snake_VS\createAccount.c(99,18): warning C4267: '正在初始化': 將 'size_t' 轉換為 'int'，資料可能遺失
  GamePlay.c
C:\Users\jesse\Documents\GitHub\Snake\Snake_VS\Snake_VS\GamePlay.c(168,56): warning C4047: '函式': 'char *' 與 'char' 間接取值的層級不同
C:\Users\jesse\Documents\GitHub\Snake\Snake_VS\Snake_VS\GamePlay.c(168,56): warning C4024: 'setDisplay': 型式和實質參數 6 不同的類型
C:\Users\jesse\Documents\GitHub\Snake\Snake_VS\Snake_VS\GamePlay.c(360,25): warning C4047: '函式': 'char' 與 'char *' 間接取值的層級不同
C:\Users\jesse\Documents\GitHub\Snake\Snake_VS\Snake_VS\GamePlay.c(360,25): warning C4024: 'colorPrintForChar': 型式和實質參數 1 不同的類型
C:\Users\jesse\Documents\GitHub\Snake\Snake_VS\Snake_VS\GamePlay.c(374,23): warning C4047: '函式': 'char' 與 'char *' 間接取值的層級不同
C:\Users\jesse\Documents\GitHub\Snake\Snake_VS\Snake_VS\GamePlay.c(374,23): warning C4024: 'colorPrintForChar': 型式和實質參數 1 不同的類型
  LeaderBoard.c
C:\Users\jesse\Documents\GitHub\Snake\Snake_VS\Snake_VS\LeaderBoard.c(100,9): warning C4101: 'data': 未參考的區域變數
  MASTER.c
C:\Users\jesse\Documents\GitHub\Snake\Snake_VS\Snake_VS\MASTER.c(214,4): warning C4013: 'LeaderboardWrite' 未定義; 假設 extern 傳回整數
C:\Users\jesse\Documents\GitHub\Snake\Snake_VS\Snake_VS\MASTER.c(222,51): warning C4090: '函式': 不同的 'const' 限定詞
C:\Users\jesse\Documents\GitHub\Snake\Snake_VS\Snake_VS\MASTER.c(371,27): warning C4090: '函式': 不同的 'const' 限定詞
C:\Users\jesse\Documents\GitHub\Snake\Snake_VS\Snake_VS\MASTER.c(453,21): warning C4047: '!=': 'int' 與 'void *' 間接取值的層級不同
C:\Users\jesse\Documents\GitHub\Snake\Snake_VS\Snake_VS\MASTER.c(491,2): warning C4013: 'chdir' 未定義; 假設 extern 傳回整數
C:\Users\jesse\Documents\GitHub\Snake\Snake_VS\Snake_VS\MASTER.c(529,12): warning C4267: '正在初始化': 將 'size_t' 轉換為 'int'，資料可能遺失
  Settings.c
  sha256.c
C:\Users\jesse\Documents\GitHub\Snake\Snake_VS\Snake_VS\sha256.c(91,21): warning C4244: '=': 將 'unsigned __int64' 轉換為 'BYTE'，由於類型不同，可能導致資料遺失
C:\Users\jesse\Documents\GitHub\Snake\Snake_VS\Snake_VS\sha256.c(92,30): warning C4244: '=': 將 'unsigned __int64' 轉換為 'BYTE'，由於類型不同，可能導致資料遺失
C:\Users\jesse\Documents\GitHub\Snake\Snake_VS\Snake_VS\sha256.c(93,30): warning C4244: '=': 將 'unsigned __int64' 轉換為 'BYTE'，由於類型不同，可能導致資料遺失
C:\Users\jesse\Documents\GitHub\Snake\Snake_VS\Snake_VS\sha256.c(94,30): warning C4244: '=': 將 'unsigned __int64' 轉換為 'BYTE'，由於類型不同，可能導致資料遺失
C:\Users\jesse\Documents\GitHub\Snake\Snake_VS\Snake_VS\sha256.c(95,30): warning C4244: '=': 將 'unsigned __int64' 轉換為 'BYTE'，由於類型不同，可能導致資料遺失
C:\Users\jesse\Documents\GitHub\Snake\Snake_VS\Snake_VS\sha256.c(96,30): warning C4244: '=': 將 'unsigned __int64' 轉換為 'BYTE'，由於類型不同，可能導致資料遺失
C:\Users\jesse\Documents\GitHub\Snake\Snake_VS\Snake_VS\sha256.c(97,30): warning C4244: '=': 將 'unsigned __int64' 轉換為 'BYTE'，由於類型不同，可能導致資料遺失
  Store.c
C:\Users\jesse\Documents\GitHub\Snake\Snake_VS\Snake_VS\Store.c(22,45): warning C4090: '函式': 不同的 'const' 限定詞
C:\Users\jesse\Documents\GitHub\Snake\Snake_VS\Snake_VS\Store.c(23,57): warning C4090: '函式': 不同的 'const' 限定詞
C:\Users\jesse\Documents\GitHub\Snake\Snake_VS\Snake_VS\Store.c(24,49): warning C4090: '函式': 不同的 'const' 限定詞
C:\Users\jesse\Documents\GitHub\Snake\Snake_VS\Snake_VS\Store.c(27,20): warning C4090: '函式': 不同的 'const' 限定詞
C:\Users\jesse\Documents\GitHub\Snake\Snake_VS\Snake_VS\Store.c(55,20): warning C4090: '函式': 不同的 'const' 限定詞
C:\Users\jesse\Documents\GitHub\Snake\Snake_VS\Snake_VS\Store.c(60,24): warning C4090: '函式': 不同的 'const' 限定詞
C:\Users\jesse\Documents\GitHub\Snake\Snake_VS\Snake_VS\Store.c(23,7): warning C4133: '正在初始化': 不相容的類型 - 從 'char *' 至 'int *'
C:\Users\jesse\Documents\GitHub\Snake\Snake_VS\Snake_VS\Store.c(76,27): warning C4090: '函式': 不同的 'const' 限定詞
C:\Users\jesse\Documents\GitHub\Snake\Snake_VS\Snake_VS\Store.c(110,18): warning C4013: 'calculateSkinCount' 未定義; 假設 extern 傳回整數
C:\Users\jesse\Documents\GitHub\Snake\Snake_VS\Snake_VS\Store.c(178,2): warning C4133: 'return': 不相容的類型 - 從 'int *' 至 'char *'
  正在產生程式碼
  Previous IPDB not found, fall back to full compilation.
  All 65 functions were compiled because no usable IPDB/IOBJ from previous compilation was found.
  已完成程式碼產生
  Snake_VS.vcxproj -> C:\Users\jesse\Documents\GitHub\Snake\Snake_VS\x64\Release\Snake_VS.exe
